f9287 config: MoHex v1.0.GIT Jul  6 2016.
f9287 config: ============ InitializeSystem ============
f9287 config: BenzeneProgram::InitRandom()
f9287 config: Seed = 1482806232
f9287 config: MoHexSharedPolicy: reading patterns from '/home/ubuntu/benzene/share/mohex-patterns.txt'.
f9287 config: MoHexSharedPolicy: parsed 1 patterns.
f9287 config: IcePatternSet: reading from '/home/ubuntu/benzene/share/ice-patterns.txt'.
f9287 config: IcePatternSet: parsed 708 patterns.
f9287 config: VCBuilder: reading captured set patterns from '/home/ubuntu/benzene/share/vc-captured-set.txt'.
f9287 config: VCBuilder:: parsed 2 patterns.
f9287 config: IcePatternSet: reading from '/home/ubuntu/benzene/share/ice-patterns.txt'.
f9287 config: IcePatternSet: parsed 708 patterns.
f9287 config: VCBuilder: reading captured set patterns from '/home/ubuntu/benzene/share/vc-captured-set.txt'.
f9287 config: VCBuilder:: parsed 2 patterns.
f9287 config: VCPattern: loading pattern templates from '/home/ubuntu/benzene/share/vc-patterns.txt'.
f9287 info: Best move cannot be determined, must search state.
f9287 info: --- MoHexPlayer::Search() ---
f9287 info: Color: white
f9287 info: MaxGames: 99999999
f9287 info: NumberThreads: 1
f9287 info: MaxNodes: 3252236 (260178880 bytes)
f9287 info: TimeForMove: 10
f9287 info: Moves to consider:
f9287 info: 
  9963390312a06517
  a  b  c  d  e  f  g  h  i  j  k  
 1\.  .  .  .  .  .  .  b  b  b  b\1
  2\.  .  .  .  .  .  .  .  B  b  b\2
   3\.  .  .  .  .  .  .  W  B  b  w\3
    4\.  .  .  .  .  .  W  B  b  W  w\4
     5\.  .  .  .  .  .  W  B  B  B  b\5
      6\.  .  .  .  .  B  W  B  W  B  .\6
       7\.  .  .  .  .  W  .  W  *  .  .\7
        8\.  .  .  .  .  .  W  B  .  .  .\8
         9\.  .  .  .  .  .  W  .  .  .  .\9
         10\.  .  .  .  .  .  B  .  .  .  .\10
          11\.  .  .  .  b  b  b  b  .  .  .\11
              a  b  c  d  e  f  g  h  i  j  k  
f9287 info: Time for PreSearch: 0.091293s
f9287 info: Creating thread 0
f9287 info: StartSearch()[0]
f9287 config: VCBuilder: reading captured set patterns from '/home/ubuntu/benzene/share/vc-captured-set.txt'.
f9287 config: VCBuilder:: parsed 2 patterns.
f9287 info: 
Elapsed Time   10.0444s
Count          111362
GamesPlayed    111362
Nodes          1311915
Knowledge      189 (0.2%)
Time           9.94
GameLen        67.1 dev=2.0 min=3.0 max=85.0
InTree         7.9 dev=2.5 min=0.0 max=19.0
Aborted        0%
Games/s        11207.9
Score          0.76
Sequence       i7 d6 d5 c6 d8 b9 b10 c9 c10 d9 d10 b8 b1 a1
f9287 info: 
